生成启动时间为 2017/12/22 9:35:05。
     1>项目“H:\TLR\TLR\TLR.vcxproj”在节点 2 上(Build 个目标)。
     1>ClCompile:
         C:\Program Files (x86)\Microsoft Visual Studio 12.0\VC\bin\CL.exe /c /ZI /nologo /W3 /WX- /sdl /Od /Oy- /D WIN32 /D _DEBUG /D _CONSOLE /D _LIB /D _UNICODE /D UNICODE /Gm /EHsc /RTC1 /MDd /GS /fp:precise /Zc:wchar_t /Zc:forScope /Fo"Debug\\" /Fd"Debug\vc120.pdb" /Gd /TP /analyze- /errorReport:prompt TLR.cpp
         TLR.cpp
     1>e:\opencv3.0\opencv\build\include\opencv2\core\mat.hpp(1965): warning C4819: 该文件包含不能在当前代码页(936)中表示的字符。请将该文件保存为 Unicode 格式以防止数据丢失
     1>e:\opencv3.0\opencv\build\include\opencv2\core\persistence.hpp : warning C4819: 该文件包含不能在当前代码页(936)中表示的字符。请将该文件保存为 Unicode 格式以防止数据丢失
     1>e:\opencv3.0\opencv\build\include\opencv2\core\utility.hpp : warning C4819: 该文件包含不能在当前代码页(936)中表示的字符。请将该文件保存为 Unicode 格式以防止数据丢失
     1>h:\tlr\tlr\tlr.cpp(34): warning C4244: “初始化”: 从“const int”转换到“float”，可能丢失数据
     1>h:\tlr\tlr\tlr.cpp(35): warning C4244: “初始化”: 从“const int”转换到“float”，可能丢失数据
     1>h:\tlr\tlr\tlr.cpp(37): warning C4244: “初始化”: 从“int”转换到“float”，可能丢失数据
     1>h:\tlr\tlr\tlr.cpp(83): warning C4244: “初始化”: 从“double”转换到“float”，可能丢失数据
     1>h:\tlr\tlr\tlr.cpp(84): warning C4244: “初始化”: 从“double”转换到“float”，可能丢失数据
     1>h:\tlr\tlr\tlr.cpp(209): warning C4018: “<”: 有符号/无符号不匹配
     1>h:\tlr\tlr\tlr.cpp(220): warning C4244: “=”: 从“const int”转换到“float”，可能丢失数据
     1>h:\tlr\tlr\tlr.cpp(221): warning C4244: “=”: 从“int”转换到“float”，可能丢失数据
     1>h:\tlr\tlr\tlr.cpp(232): warning C4018: “<”: 有符号/无符号不匹配
     1>h:\tlr\tlr\tlr.cpp(247): warning C4018: “<”: 有符号/无符号不匹配
     1>h:\tlr\tlr\tlr.cpp(259): warning C4018: “<”: 有符号/无符号不匹配
     1>h:\tlr\tlr\tlr.cpp(302): warning C4018: “<”: 有符号/无符号不匹配
     1>h:\tlr\tlr\tlr.cpp(342): warning C4018: “<”: 有符号/无符号不匹配
     1>h:\tlr\tlr\tlr.cpp(271): warning C4101: “bLowS”: 未引用的局部变量
     1>h:\tlr\tlr\tlr.cpp(273): warning C4101: “bLowV”: 未引用的局部变量
     1>h:\tlr\tlr\tlr.cpp(268): warning C4101: “bHighH”: 未引用的局部变量
     1>h:\tlr\tlr\tlr.cpp(272): warning C4101: “bHighV”: 未引用的局部变量
     1>h:\tlr\tlr\tlr.cpp(269): warning C4101: “bLowH”: 未引用的局部变量
     1>h:\tlr\tlr\tlr.cpp(270): warning C4101: “bHighS”: 未引用的局部变量
       Link:
         C:\Program Files (x86)\Microsoft Visual Studio 12.0\VC\bin\link.exe /ERRORREPORT:PROMPT /OUT:"H:\TLR\Debug\TLR.exe" /INCREMENTAL /NOLOGO opencv_ts300d.lib opencv_world300d.lib kernel32.lib user32.lib gdi32.lib winspool.lib comdlg32.lib advapi32.lib shell32.lib ole32.lib oleaut32.lib uuid.lib odbc32.lib odbccp32.lib /MANIFEST /MANIFESTUAC:"level='asInvoker' uiAccess='false'" /manifest:embed /DEBUG /PDB:"H:\TLR\Debug\TLR.pdb" /SUBSYSTEM:CONSOLE /TLBID:1 /DYNAMICBASE /NXCOMPAT /IMPLIB:"H:\TLR\Debug\TLR.lib" /MACHINE:X86 Debug\TLR.obj
         TLR.vcxproj -> H:\TLR\Debug\TLR.exe
     1>已完成生成项目“H:\TLR\TLR\TLR.vcxproj”(Build 个目标)的操作。

生成成功。

已用时间 00:00:01.27
